0 info it worked if it ends with ok
1 verbose cli [ '/opt/local/bin/node', '/opt/local/bin/npm', 'start' ]
2 info using npm@1.1.70
3 info using node@v0.8.16
4 verbose read json /Users/sparkg/Documents/programming/qrlibrary/package.json
5 warn package.json qrlibrary@0.0.1-3 No README.md file found!
6 verbose run-script [ 'prestart', 'start', 'poststart' ]
7 info prestart qrlibrary@0.0.1-3
8 info start qrlibrary@0.0.1-3
9 verbose unsafe-perm in lifecycle true
10 silly exec sh "-c" "app.coffee"
11 silly sh,-c,app.coffee,/Users/sparkg/Documents/programming/qrlibrary spawning
12 info qrlibrary@0.0.1-3 Failed to exec start script
13 error qrlibrary@0.0.1-3 start: `app.coffee`
13 error `sh "-c" "app.coffee"` failed with 127
14 error Failed at the qrlibrary@0.0.1-3 start script.
14 error This is most likely a problem with the qrlibrary package,
14 error not with npm itself.
14 error Tell the author that this fails on your system:
14 error     app.coffee
14 error You can get their info via:
14 error     npm owner ls qrlibrary
14 error There is likely additional logging output above.
15 error System Darwin 12.2.1
16 error command "/opt/local/bin/node" "/opt/local/bin/npm" "start"
17 error cwd /Users/sparkg/Documents/programming/qrlibrary
18 error node -v v0.8.16
19 error npm -v 1.1.70
20 error code ELIFECYCLE
21 verbose exit [ 1, true ]
